Start testing: Jan 15 11:10 CET
----------------------------------------------------------
1/1 Testing: SimpleTest
1/1 Test: SimpleTest
Command: "/home/iut45/Etudiants/o22202749/WinHome/Multimedia/TP-mulimedia/TD5-Kris/td"
Directory: /home/iut45/Etudiants/o22202749/WinHome/Multimedia/TP-mulimedia/TD5-Kris
"SimpleTest" start time: Jan 15 11:10 CET
Output:
----------------------------------------------------------
39520.00447504
<end of output>
Test time =  27.36 sec
----------------------------------------------------------
Test Passed.
"SimpleTest" end time: Jan 15 11:11 CET
"SimpleTest" time elapsed: 00:00:27
----------------------------------------------------------

End testing: Jan 15 11:11 CET
