<?xml version="1.0" encoding="UTF-8"?>
<Site BuildName="(empty)"
	BuildStamp="20250110-1321-Experimental"
	Name="(empty)"
	Generator="ctest-3.28.3"
	CompilerName=""
	CompilerVersion=""
	OSName="Linux"
	Hostname="or-iut-i206-f17"
	OSRelease="6.8.0-51-generic"
	OSVersion="#52-Ubuntu SMP PREEMPT_DYNAMIC Thu Dec  5 13:09:44 UTC 2024"
	OSPlatform="x86_64"
	Is64Bits="1"
	VendorString="GenuineIntel"
	VendorID="Intel Corporation"
	FamilyID="6"
	ModelID="165"
	ProcessorCacheSize="12288"
	NumberOfLogicalCPU="12"
	NumberOfPhysicalCPU="6"
	TotalVirtualMemory="3906"
	TotalPhysicalMemory="15704"
	LogicalProcessorsPerPhysical="2"
	ProcessorClockFrequency="4297.45"
	>
	<Testing>
		<StartDateTime>Jan 10 15:05 CET</StartDateTime>
		<StartTestTime>1736517944</StartTestTime>
		<TestList/>
		<EndDateTime>Jan 10 15:05 CET</EndDateTime>
		<EndTestTime>1736517944</EndTestTime>
		<ElapsedMinutes>0</ElapsedMinutes>
	</Testing>
</Site>
