<?xml version="1.0" encoding="UTF-8"?>
<Site BuildName="(empty)"
	BuildStamp="20250115-1016-Experimental"
	Name="(empty)"
	Generator="ctest-3.28.3"
	CompilerName=""
	CompilerVersion=""
	OSName="Linux"
	Hostname="or-iut-i007-f27"
	OSRelease="6.8.0-51-generic"
	OSVersion="#52-Ubuntu SMP PREEMPT_DYNAMIC Thu Dec  5 13:09:44 UTC 2024"
	OSPlatform="x86_64"
	Is64Bits="1"
	VendorString="GenuineIntel"
	VendorID="Intel Corporation"
	FamilyID="6"
	ModelID="151"
	ProcessorCacheSize="18432"
	NumberOfLogicalCPU="12"
	NumberOfPhysicalCPU="6"
	TotalVirtualMemory="3906"
	TotalPhysicalMemory="31768"
	LogicalProcessorsPerPhysical="2"
	ProcessorClockFrequency="3289.46"
	>
	<Testing>
		<StartDateTime>Jan 15 11:16 CET</StartDateTime>
		<StartTestTime>1736936199</StartTestTime>
		<TestList/>
		<EndDateTime>Jan 15 11:16 CET</EndDateTime>
		<EndTestTime>1736936199</EndTestTime>
		<ElapsedMinutes>0</ElapsedMinutes>
	</Testing>
</Site>
